Start testing: Jul 20 12:12 Mitteleuropäische Sommerzeit
----------------------------------------------------------
1/39 Testing: QuatGolden.Dcm2Quat_MatchesGolden
1/39 Test: QuatGolden.Dcm2Quat_MatchesGolden
Command: "C:/Users/Rakete/Documents/Drohnenversuchsstand/DROMA/Simulation/scripts/sitl/build_cg/Release/test_quat_golden.exe" "--gtest_filter=QuatGolden.Dcm2Quat_MatchesGolden" "--gtest_also_run_disabled_tests"
Directory: C:/Users/Rakete/Documents/Drohnenversuchsstand/DROMA/Simulation/scripts/sitl/build_cg
"QuatGolden.Dcm2Quat_MatchesGolden" start time: Jul 20 12:12 Mitteleuropäische Sommerzeit
Output:
----------------------------------------------------------
Running main() from C:\Users\Rakete\Documents\Drohnenversuchsstand\DROMA\Simulation\scripts\sitl\build_cg\_deps\googletest-src\googletest\src\gtest_main.cc
Note: Google Test filter = QuatGolden.Dcm2Quat_MatchesGolden
[==========] Running 1 test from 1 test suite.
[----------] Global test environment set-up.
[----------] 1 test from QuatGolden
[ RUN      ] QuatGolden.Dcm2Quat_MatchesGolden
  dcm2quat worst |dq| = 2.310e-16 (Fall rand_b3_2), Zweige [14 5 5 7]
[       OK ] QuatGolden.Dcm2Quat_MatchesGolden (0 ms)
[----------] 1 test from QuatGolden (0 ms total)

[----------] Global test environment tear-down
[==========] 1 test from 1 test suite ran. (0 ms total)
[  PASSED  ] 1 test.
<end of output>
Test time =   0.01 sec
----------------------------------------------------------
Test Passed.
"QuatGolden.Dcm2Quat_MatchesGolden" end time: Jul 20 12:12 Mitteleuropäische Sommerzeit
"QuatGolden.Dcm2Quat_MatchesGolden" time elapsed: 00:00:00
----------------------------------------------------------

2/39 Testing: QuatGolden.Quat2Dcm_MatchesGolden
2/39 Test: QuatGolden.Quat2Dcm_MatchesGolden
Command: "C:/Users/Rakete/Documents/Drohnenversuchsstand/DROMA/Simulation/scripts/sitl/build_cg/Release/test_quat_golden.exe" "--gtest_filter=QuatGolden.Quat2Dcm_MatchesGolden" "--gtest_also_run_disabled_tests"
Directory: C:/Users/Rakete/Documents/Drohnenversuchsstand/DROMA/Simulation/scripts/sitl/build_cg
"QuatGolden.Quat2Dcm_MatchesGolden" start time: Jul 20 12:12 Mitteleuropäische Sommerzeit
Output:
----------------------------------------------------------
Running main() from C:\Users\Rakete\Documents\Drohnenversuchsstand\DROMA\Simulation\scripts\sitl\build_cg\_deps\googletest-src\googletest\src\gtest_main.cc
Note: Google Test filter = QuatGolden.Quat2Dcm_MatchesGolden
[==========] Running 1 test from 1 test suite.
[----------] Global test environment set-up.
[----------] 1 test from QuatGolden
[ RUN      ] QuatGolden.Quat2Dcm_MatchesGolden
  quat2dcm worst |dR| = 3.886e-16
[       OK ] QuatGolden.Quat2Dcm_MatchesGolden (0 ms)
[----------] 1 test from QuatGolden (0 ms total)

[----------] Global test environment tear-down
[==========] 1 test from 1 test suite ran. (0 ms total)
[  PASSED  ] 1 test.
<end of output>
Test time =   0.01 sec
----------------------------------------------------------
Test Passed.
"QuatGolden.Quat2Dcm_MatchesGolden" end time: Jul 20 12:12 Mitteleuropäische Sommerzeit
"QuatGolden.Quat2Dcm_MatchesGolden" time elapsed: 00:00:00
----------------------------------------------------------

3/39 Testing: QuatGolden.QuatMul_MatchesGolden
3/39 Test: QuatGolden.QuatMul_MatchesGolden
Command: "C:/Users/Rakete/Documents/Drohnenversuchsstand/DROMA/Simulation/scripts/sitl/build_cg/Release/test_quat_golden.exe" "--gtest_filter=QuatGolden.QuatMul_MatchesGolden" "--gtest_also_run_disabled_tests"
Directory: C:/Users/Rakete/Documents/Drohnenversuchsstand/DROMA/Simulation/scripts/sitl/build_cg
"QuatGolden.QuatMul_MatchesGolden" start time: Jul 20 12:12 Mitteleuropäische Sommerzeit
Output:
----------------------------------------------------------
Running main() from C:\Users\Rakete\Documents\Drohnenversuchsstand\DROMA\Simulation\scripts\sitl\build_cg\_deps\googletest-src\googletest\src\gtest_main.cc
Note: Google Test filter = QuatGolden.QuatMul_MatchesGolden
[==========] Running 1 test from 1 test suite.
[----------] Global test environment set-up.
[----------] 1 test from QuatGolden
[ RUN      ] QuatGolden.QuatMul_MatchesGolden
  quatMul  worst |dq| = 0.000e+00
[       OK ] QuatGolden.QuatMul_MatchesGolden (0 ms)
[----------] 1 test from QuatGolden (0 ms total)

[----------] Global test environment tear-down
[==========] 1 test from 1 test suite ran. (0 ms total)
[  PASSED  ] 1 test.
<end of output>
Test time =   0.01 sec
----------------------------------------------------------
Test Passed.
"QuatGolden.QuatMul_MatchesGolden" end time: Jul 20 12:12 Mitteleuropäische Sommerzeit
"QuatGolden.QuatMul_MatchesGolden" time elapsed: 00:00:00
----------------------------------------------------------

4/39 Testing: QuatGolden.QuatConj_MatchesGolden
4/39 Test: QuatGolden.QuatConj_MatchesGolden
Command: "C:/Users/Rakete/Documents/Drohnenversuchsstand/DROMA/Simulation/scripts/sitl/build_cg/Release/test_quat_golden.exe" "--gtest_filter=QuatGolden.QuatConj_MatchesGolden" "--gtest_also_run_disabled_tests"
Directory: C:/Users/Rakete/Documents/Drohnenversuchsstand/DROMA/Simulation/scripts/sitl/build_cg
"QuatGolden.QuatConj_MatchesGolden" start time: Jul 20 12:12 Mitteleuropäische Sommerzeit
Output:
----------------------------------------------------------
Running main() from C:\Users\Rakete\Documents\Drohnenversuchsstand\DROMA\Simulation\scripts\sitl\build_cg\_deps\googletest-src\googletest\src\gtest_main.cc
Note: Google Test filter = QuatGolden.QuatConj_MatchesGolden
[==========] Running 1 test from 1 test suite.
[----------] Global test environment set-up.
[----------] 1 test from QuatGolden
[ RUN      ] QuatGolden.QuatConj_MatchesGolden
  quatConj worst |d|  = 0.000e+00
[       OK ] QuatGolden.QuatConj_MatchesGolden (0 ms)
[----------] 1 test from QuatGolden (0 ms total)

[----------] Global test environment tear-down
[==========] 1 test from 1 test suite ran. (0 ms total)
[  PASSED  ] 1 test.
<end of output>
Test time =   0.01 sec
----------------------------------------------------------
Test Passed.
"QuatGolden.QuatConj_MatchesGolden" end time: Jul 20 12:12 Mitteleuropäische Sommerzeit
"QuatGolden.QuatConj_MatchesGolden" time elapsed: 00:00:00
----------------------------------------------------------

5/39 Testing: QuatGolden.QuatRotate_MatchesGolden
5/39 Test: QuatGolden.QuatRotate_MatchesGolden
Command: "C:/Users/Rakete/Documents/Drohnenversuchsstand/DROMA/Simulation/scripts/sitl/build_cg/Release/test_quat_golden.exe" "--gtest_filter=QuatGolden.QuatRotate_MatchesGolden" "--gtest_also_run_disabled_tests"
Directory: C:/Users/Rakete/Documents/Drohnenversuchsstand/DROMA/Simulation/scripts/sitl/build_cg
"QuatGolden.QuatRotate_MatchesGolden" start time: Jul 20 12:12 Mitteleuropäische Sommerzeit
Output:
----------------------------------------------------------
Running main() from C:\Users\Rakete\Documents\Drohnenversuchsstand\DROMA\Simulation\scripts\sitl\build_cg\_deps\googletest-src\googletest\src\gtest_main.cc
Note: Google Test filter = QuatGolden.QuatRotate_MatchesGolden
[==========] Running 1 test from 1 test suite.
[----------] Global test environment set-up.
[----------] 1 test from QuatGolden
[ RUN      ] QuatGolden.QuatRotate_MatchesGolden
  quatRotate worst |dv|=1.110e-16
[       OK ] QuatGolden.QuatRotate_MatchesGolden (0 ms)
[----------] 1 test from QuatGolden (0 ms total)

[----------] Global test environment tear-down
[==========] 1 test from 1 test suite ran. (0 ms total)
[  PASSED  ] 1 test.
<end of output>
Test time =   0.01 sec
----------------------------------------------------------
Test Passed.
"QuatGolden.QuatRotate_MatchesGolden" end time: Jul 20 12:12 Mitteleuropäische Sommerzeit
"QuatGolden.QuatRotate_MatchesGolden" time elapsed: 00:00:00
----------------------------------------------------------

6/39 Testing: QuatProps.RoundTripsAndIdentities
6/39 Test: QuatProps.RoundTripsAndIdentities
Command: "C:/Users/Rakete/Documents/Drohnenversuchsstand/DROMA/Simulation/scripts/sitl/build_cg/Release/test_quat_golden.exe" "--gtest_filter=QuatProps.RoundTripsAndIdentities" "--gtest_also_run_disabled_tests"
Directory: C:/Users/Rakete/Documents/Drohnenversuchsstand/DROMA/Simulation/scripts/sitl/build_cg
"QuatProps.RoundTripsAndIdentities" start time: Jul 20 12:12 Mitteleuropäische Sommerzeit
Output:
----------------------------------------------------------
Running main() from C:\Users\Rakete\Documents\Drohnenversuchsstand\DROMA\Simulation\scripts\sitl\build_cg\_deps\googletest-src\googletest\src\gtest_main.cc
Note: Google Test filter = QuatProps.RoundTripsAndIdentities
[==========] Running 1 test from 1 test suite.
[----------] Global test environment set-up.
[----------] 1 test from QuatProps
[ RUN      ] QuatProps.RoundTripsAndIdentities
  props: RTq=5.0e-16 RTR=8.9e-16 |q|=3.3e-16 id=0.0e+00 inv=4.5e-16 assoc=4.4e-16 rot=2.2e-15 len=1.8e-15 dcm=0.0e+00
[       OK ] QuatProps.RoundTripsAndIdentities (5 ms)
[----------] 1 test from QuatProps (5 ms total)

[----------] Global test environment tear-down
[==========] 1 test from 1 test suite ran. (5 ms total)
[  PASSED  ] 1 test.
<end of output>
Test time =   0.01 sec
----------------------------------------------------------
Test Passed.
"QuatProps.RoundTripsAndIdentities" end time: Jul 20 12:12 Mitteleuropäische Sommerzeit
"QuatProps.RoundTripsAndIdentities" time elapsed: 00:00:00
----------------------------------------------------------

7/39 Testing: Overspeed.S1_NoOverspeed
7/39 Test: Overspeed.S1_NoOverspeed
Command: "C:/Users/Rakete/Documents/Drohnenversuchsstand/DROMA/Simulation/scripts/sitl/build_cg/Release/test_safety.exe" "--gtest_filter=Overspeed.S1_NoOverspeed" "--gtest_also_run_disabled_tests"
Directory: C:/Users/Rakete/Documents/Drohnenversuchsstand/DROMA/Simulation/scripts/sitl/build_cg
"Overspeed.S1_NoOverspeed" start time: Jul 20 12:12 Mitteleuropäische Sommerzeit
Output:
----------------------------------------------------------
Running main() from C:\Users\Rakete\Documents\Drohnenversuchsstand\DROMA\Simulation\scripts\sitl\build_cg\_deps\googletest-src\googletest\src\gtest_main.cc
Note: Google Test filter = Overspeed.S1_NoOverspeed
[==========] Running 1 test from 1 test suite.
[----------] Global test environment set-up.
[----------] 1 test from Overspeed
[ RUN      ] Overspeed.S1_NoOverspeed
[       OK ] Overspeed.S1_NoOverspeed (0 ms)
[----------] 1 test from Overspeed (0 ms total)

[----------] Global test environment tear-down
[==========] 1 test from 1 test suite ran. (0 ms total)
[  PASSED  ] 1 test.
<end of output>
Test time =   0.01 sec
----------------------------------------------------------
Test Passed.
"Overspeed.S1_NoOverspeed" end time: Jul 20 12:12 Mitteleuropäische Sommerzeit
"Overspeed.S1_NoOverspeed" time elapsed: 00:00:00
----------------------------------------------------------

8/39 Testing: Overspeed.S2_Nminus1_NoLatch
8/39 Test: Overspeed.S2_Nminus1_NoLatch
Command: "C:/Users/Rakete/Documents/Drohnenversuchsstand/DROMA/Simulation/scripts/sitl/build_cg/Release/test_safety.exe" "--gtest_filter=Overspeed.S2_Nminus1_NoLatch" "--gtest_also_run_disabled_tests"
Directory: C:/Users/Rakete/Documents/Drohnenversuchsstand/DROMA/Simulation/scripts/sitl/build_cg
"Overspeed.S2_Nminus1_NoLatch" start time: Jul 20 12:12 Mitteleuropäische Sommerzeit
Output:
----------------------------------------------------------
Running main() from C:\Users\Rakete\Documents\Drohnenversuchsstand\DROMA\Simulation\scripts\sitl\build_cg\_deps\googletest-src\googletest\src\gtest_main.cc
Note: Google Test filter = Overspeed.S2_Nminus1_NoLatch
[==========] Running 1 test from 1 test suite.
[----------] Global test environment set-up.
[----------] 1 test from Overspeed
[ RUN      ] Overspeed.S2_Nminus1_NoLatch
[       OK ] Overspeed.S2_Nminus1_NoLatch (0 ms)
[----------] 1 test from Overspeed (0 ms total)

[----------] Global test environment tear-down
[==========] 1 test from 1 test suite ran. (0 ms total)
[  PASSED  ] 1 test.
<end of output>
Test time =   0.01 sec
----------------------------------------------------------
Test Passed.
"Overspeed.S2_Nminus1_NoLatch" end time: Jul 20 12:12 Mitteleuropäische Sommerzeit
"Overspeed.S2_Nminus1_NoLatch" time elapsed: 00:00:00
----------------------------------------------------------

9/39 Testing: Overspeed.S3_TripAtNth_Holds
9/39 Test: Overspeed.S3_TripAtNth_Holds
Command: "C:/Users/Rakete/Documents/Drohnenversuchsstand/DROMA/Simulation/scripts/sitl/build_cg/Release/test_safety.exe" "--gtest_filter=Overspeed.S3_TripAtNth_Holds" "--gtest_also_run_disabled_tests"
Directory: C:/Users/Rakete/Documents/Drohnenversuchsstand/DROMA/Simulation/scripts/sitl/build_cg
"Overspeed.S3_TripAtNth_Holds" start time: Jul 20 12:12 Mitteleuropäische Sommerzeit
Output:
----------------------------------------------------------
Running main() from C:\Users\Rakete\Documents\Drohnenversuchsstand\DROMA\Simulation\scripts\sitl\build_cg\_deps\googletest-src\googletest\src\gtest_main.cc
Note: Google Test filter = Overspeed.S3_TripAtNth_Holds
[==========] Running 1 test from 1 test suite.
[----------] Global test environment set-up.
[----------] 1 test from Overspeed
[ RUN      ] Overspeed.S3_TripAtNth_Holds
[       OK ] Overspeed.S3_TripAtNth_Holds (0 ms)
[----------] 1 test from Overspeed (0 ms total)

[----------] Global test environment tear-down
[==========] 1 test from 1 test suite ran. (0 ms total)
[  PASSED  ] 1 test.
<end of output>
Test time =   0.01 sec
----------------------------------------------------------
Test Passed.
"Overspeed.S3_TripAtNth_Holds" end time: Jul 20 12:12 Mitteleuropäische Sommerzeit
"Overspeed.S3_TripAtNth_Holds" time elapsed: 00:00:00
----------------------------------------------------------

10/39 Testing: Overspeed.S4_AckDuringOverspeed_NoRearm
10/39 Test: Overspeed.S4_AckDuringOverspeed_NoRearm
Command: "C:/Users/Rakete/Documents/Drohnenversuchsstand/DROMA/Simulation/scripts/sitl/build_cg/Release/test_safety.exe" "--gtest_filter=Overspeed.S4_AckDuringOverspeed_NoRearm" "--gtest_also_run_disabled_tests"
Directory: C:/Users/Rakete/Documents/Drohnenversuchsstand/DROMA/Simulation/scripts/sitl/build_cg
"Overspeed.S4_AckDuringOverspeed_NoRearm" start time: Jul 20 12:12 Mitteleuropäische Sommerzeit
Output:
----------------------------------------------------------
Running main() from C:\Users\Rakete\Documents\Drohnenversuchsstand\DROMA\Simulation\scripts\sitl\build_cg\_deps\googletest-src\googletest\src\gtest_main.cc
Note: Google Test filter = Overspeed.S4_AckDuringOverspeed_NoRearm
[==========] Running 1 test from 1 test suite.
[----------] Global test environment set-up.
[----------] 1 test from Overspeed
[ RUN      ] Overspeed.S4_AckDuringOverspeed_NoRearm
[       OK ] Overspeed.S4_AckDuringOverspeed_NoRearm (0 ms)
[----------] 1 test from Overspeed (0 ms total)

[----------] Global test environment tear-down
[==========] 1 test from 1 test suite ran. (0 ms total)
[  PASSED  ] 1 test.
<end of output>
Test time =   0.01 sec
----------------------------------------------------------
Test Passed.
"Overspeed.S4_AckDuringOverspeed_NoRearm" end time: Jul 20 12:12 Mitteleuropäische Sommerzeit
"Overspeed.S4_AckDuringOverspeed_NoRearm" time elapsed: 00:00:00
----------------------------------------------------------

11/39 Testing: Overspeed.S5_AckEdge_Rearms
11/39 Test: Overspeed.S5_AckEdge_Rearms
Command: "C:/Users/Rakete/Documents/Drohnenversuchsstand/DROMA/Simulation/scripts/sitl/build_cg/Release/test_safety.exe" "--gtest_filter=Overspeed.S5_AckEdge_Rearms" "--gtest_also_run_disabled_tests"
Directory: C:/Users/Rakete/Documents/Drohnenversuchsstand/DROMA/Simulation/scripts/sitl/build_cg
"Overspeed.S5_AckEdge_Rearms" start time: Jul 20 12:12 Mitteleuropäische Sommerzeit
Output:
----------------------------------------------------------
Running main() from C:\Users\Rakete\Documents\Drohnenversuchsstand\DROMA\Simulation\scripts\sitl\build_cg\_deps\googletest-src\googletest\src\gtest_main.cc
Note: Google Test filter = Overspeed.S5_AckEdge_Rearms
[==========] Running 1 test from 1 test suite.
[----------] Global test environment set-up.
[----------] 1 test from Overspeed
[ RUN      ] Overspeed.S5_AckEdge_Rearms
[       OK ] Overspeed.S5_AckEdge_Rearms (0 ms)
[----------] 1 test from Overspeed (0 ms total)

[----------] Global test environment tear-down
[==========] 1 test from 1 test suite ran. (0 ms total)
[  PASSED  ] 1 test.
<end of output>
Test time =   0.01 sec
----------------------------------------------------------
Test Passed.
"Overspeed.S5_AckEdge_Rearms" end time: Jul 20 12:12 Mitteleuropäische Sommerzeit
"Overspeed.S5_AckEdge_Rearms" time elapsed: 00:00:00
----------------------------------------------------------

12/39 Testing: Overspeed.S6_HeldAck_NoAutoRearm
12/39 Test: Overspeed.S6_HeldAck_NoAutoRearm
Command: "C:/Users/Rakete/Documents/Drohnenversuchsstand/DROMA/Simulation/scripts/sitl/build_cg/Release/test_safety.exe" "--gtest_filter=Overspeed.S6_HeldAck_NoAutoRearm" "--gtest_also_run_disabled_tests"
Directory: C:/Users/Rakete/Documents/Drohnenversuchsstand/DROMA/Simulation/scripts/sitl/build_cg
"Overspeed.S6_HeldAck_NoAutoRearm" start time: Jul 20 12:12 Mitteleuropäische Sommerzeit
Output:
----------------------------------------------------------
Running main() from C:\Users\Rakete\Documents\Drohnenversuchsstand\DROMA\Simulation\scripts\sitl\build_cg\_deps\googletest-src\googletest\src\gtest_main.cc
Note: Google Test filter = Overspeed.S6_HeldAck_NoAutoRearm
[==========] Running 1 test from 1 test suite.
[----------] Global test environment set-up.
[----------] 1 test from Overspeed
[ RUN      ] Overspeed.S6_HeldAck_NoAutoRearm
[       OK ] Overspeed.S6_HeldAck_NoAutoRearm (0 ms)
[----------] 1 test from Overspeed (0 ms total)

[----------] Global test environment tear-down
[==========] 1 test from 1 test suite ran. (0 ms total)
[  PASSED  ] 1 test.
<end of output>
Test time =   0.01 sec
----------------------------------------------------------
Test Passed.
"Overspeed.S6_HeldAck_NoAutoRearm" end time: Jul 20 12:12 Mitteleuropäische Sommerzeit
"Overspeed.S6_HeldAck_NoAutoRearm" time elapsed: 00:00:00
----------------------------------------------------------

13/39 Testing: Overspeed.S7_HardKill_Immediate
13/39 Test: Overspeed.S7_HardKill_Immediate
Command: "C:/Users/Rakete/Documents/Drohnenversuchsstand/DROMA/Simulation/scripts/sitl/build_cg/Release/test_safety.exe" "--gtest_filter=Overspeed.S7_HardKill_Immediate" "--gtest_also_run_disabled_tests"
Directory: C:/Users/Rakete/Documents/Drohnenversuchsstand/DROMA/Simulation/scripts/sitl/build_cg
"Overspeed.S7_HardKill_Immediate" start time: Jul 20 12:12 Mitteleuropäische Sommerzeit
Output:
----------------------------------------------------------
Running main() from C:\Users\Rakete\Documents\Drohnenversuchsstand\DROMA\Simulation\scripts\sitl\build_cg\_deps\googletest-src\googletest\src\gtest_main.cc
Note: Google Test filter = Overspeed.S7_HardKill_Immediate
[==========] Running 1 test from 1 test suite.
[----------] Global test environment set-up.
[----------] 1 test from Overspeed
[ RUN      ] Overspeed.S7_HardKill_Immediate
[       OK ] Overspeed.S7_HardKill_Immediate (0 ms)
[----------] 1 test from Overspeed (0 ms total)

[----------] Global test environment tear-down
[==========] 1 test from 1 test suite ran. (0 ms total)
[  PASSED  ] 1 test.
<end of output>
Test time =   0.01 sec
----------------------------------------------------------
Test Passed.
"Overspeed.S7_HardKill_Immediate" end time: Jul 20 12:12 Mitteleuropäische Sommerzeit
"Overspeed.S7_HardKill_Immediate" time elapsed: 00:00:00
----------------------------------------------------------

14/39 Testing: Overspeed.S8_KillDominatesLand
14/39 Test: Overspeed.S8_KillDominatesLand
Command: "C:/Users/Rakete/Documents/Drohnenversuchsstand/DROMA/Simulation/scripts/sitl/build_cg/Release/test_safety.exe" "--gtest_filter=Overspeed.S8_KillDominatesLand" "--gtest_also_run_disabled_tests"
Directory: C:/Users/Rakete/Documents/Drohnenversuchsstand/DROMA/Simulation/scripts/sitl/build_cg
"Overspeed.S8_KillDominatesLand" start time: Jul 20 12:12 Mitteleuropäische Sommerzeit
Output:
----------------------------------------------------------
Running main() from C:\Users\Rakete\Documents\Drohnenversuchsstand\DROMA\Simulation\scripts\sitl\build_cg\_deps\googletest-src\googletest\src\gtest_main.cc
Note: Google Test filter = Overspeed.S8_KillDominatesLand
[==========] Running 1 test from 1 test suite.
[----------] Global test environment set-up.
[----------] 1 test from Overspeed
[ RUN      ] Overspeed.S8_KillDominatesLand
[       OK ] Overspeed.S8_KillDominatesLand (0 ms)
[----------] 1 test from Overspeed (0 ms total)

[----------] Global test environment tear-down
[==========] 1 test from 1 test suite ran. (0 ms total)
[  PASSED  ] 1 test.
<end of output>
Test time =   0.01 sec
----------------------------------------------------------
Test Passed.
"Overspeed.S8_KillDominatesLand" end time: Jul 20 12:12 Mitteleuropäische Sommerzeit
"Overspeed.S8_KillDominatesLand" time elapsed: 00:00:00
----------------------------------------------------------

15/39 Testing: Tilt.T1_TripAtNth_Holds
15/39 Test: Tilt.T1_TripAtNth_Holds
Command: "C:/Users/Rakete/Documents/Drohnenversuchsstand/DROMA/Simulation/scripts/sitl/build_cg/Release/test_safety.exe" "--gtest_filter=Tilt.T1_TripAtNth_Holds" "--gtest_also_run_disabled_tests"
Directory: C:/Users/Rakete/Documents/Drohnenversuchsstand/DROMA/Simulation/scripts/sitl/build_cg
"Tilt.T1_TripAtNth_Holds" start time: Jul 20 12:12 Mitteleuropäische Sommerzeit
Output:
----------------------------------------------------------
Running main() from C:\Users\Rakete\Documents\Drohnenversuchsstand\DROMA\Simulation\scripts\sitl\build_cg\_deps\googletest-src\googletest\src\gtest_main.cc
Note: Google Test filter = Tilt.T1_TripAtNth_Holds
[==========] Running 1 test from 1 test suite.
[----------] Global test environment set-up.
[----------] 1 test from Tilt
[ RUN      ] Tilt.T1_TripAtNth_Holds
[       OK ] Tilt.T1_TripAtNth_Holds (0 ms)
[----------] 1 test from Tilt (0 ms total)

[----------] Global test environment tear-down
[==========] 1 test from 1 test suite ran. (0 ms total)
[  PASSED  ] 1 test.
<end of output>
Test time =   0.01 sec
----------------------------------------------------------
Test Passed.
"Tilt.T1_TripAtNth_Holds" end time: Jul 20 12:12 Mitteleuropäische Sommerzeit
"Tilt.T1_TripAtNth_Holds" time elapsed: 00:00:00
----------------------------------------------------------

16/39 Testing: Tilt.T2_BelowThreshold_NoTrip
16/39 Test: Tilt.T2_BelowThreshold_NoTrip
Command: "C:/Users/Rakete/Documents/Drohnenversuchsstand/DROMA/Simulation/scripts/sitl/build_cg/Release/test_safety.exe" "--gtest_filter=Tilt.T2_BelowThreshold_NoTrip" "--gtest_also_run_disabled_tests"
Directory: C:/Users/Rakete/Documents/Drohnenversuchsstand/DROMA/Simulation/scripts/sitl/build_cg
"Tilt.T2_BelowThreshold_NoTrip" start time: Jul 20 12:12 Mitteleuropäische Sommerzeit
Output:
----------------------------------------------------------
Running main() from C:\Users\Rakete\Documents\Drohnenversuchsstand\DROMA\Simulation\scripts\sitl\build_cg\_deps\googletest-src\googletest\src\gtest_main.cc
Note: Google Test filter = Tilt.T2_BelowThreshold_NoTrip
[==========] Running 1 test from 1 test suite.
[----------] Global test environment set-up.
[----------] 1 test from Tilt
[ RUN      ] Tilt.T2_BelowThreshold_NoTrip
[       OK ] Tilt.T2_BelowThreshold_NoTrip (0 ms)
[----------] 1 test from Tilt (0 ms total)

[----------] Global test environment tear-down
[==========] 1 test from 1 test suite ran. (0 ms total)
[  PASSED  ] 1 test.
<end of output>
Test time =   0.01 sec
----------------------------------------------------------
Test Passed.
"Tilt.T2_BelowThreshold_NoTrip" end time: Jul 20 12:12 Mitteleuropäische Sommerzeit
"Tilt.T2_BelowThreshold_NoTrip" time elapsed: 00:00:00
----------------------------------------------------------

17/39 Testing: Tilt.T3_ShortTilt_NoTrip
17/39 Test: Tilt.T3_ShortTilt_NoTrip
Command: "C:/Users/Rakete/Documents/Drohnenversuchsstand/DROMA/Simulation/scripts/sitl/build_cg/Release/test_safety.exe" "--gtest_filter=Tilt.T3_ShortTilt_NoTrip" "--gtest_also_run_disabled_tests"
Directory: C:/Users/Rakete/Documents/Drohnenversuchsstand/DROMA/Simulation/scripts/sitl/build_cg
"Tilt.T3_ShortTilt_NoTrip" start time: Jul 20 12:12 Mitteleuropäische Sommerzeit
Output:
----------------------------------------------------------
Running main() from C:\Users\Rakete\Documents\Drohnenversuchsstand\DROMA\Simulation\scripts\sitl\build_cg\_deps\googletest-src\googletest\src\gtest_main.cc
Note: Google Test filter = Tilt.T3_ShortTilt_NoTrip
[==========] Running 1 test from 1 test suite.
[----------] Global test environment set-up.
[----------] 1 test from Tilt
[ RUN      ] Tilt.T3_ShortTilt_NoTrip
[       OK ] Tilt.T3_ShortTilt_NoTrip (0 ms)
[----------] 1 test from Tilt (0 ms total)

[----------] Global test environment tear-down
[==========] 1 test from 1 test suite ran. (0 ms total)
[  PASSED  ] 1 test.
<end of output>
Test time =   0.01 sec
----------------------------------------------------------
Test Passed.
"Tilt.T3_ShortTilt_NoTrip" end time: Jul 20 12:12 Mitteleuropäische Sommerzeit
"Tilt.T3_ShortTilt_NoTrip" time elapsed: 00:00:00
----------------------------------------------------------

18/39 Testing: Tilt.T4_NoRearmWhileTilted
18/39 Test: Tilt.T4_NoRearmWhileTilted
Command: "C:/Users/Rakete/Documents/Drohnenversuchsstand/DROMA/Simulation/scripts/sitl/build_cg/Release/test_safety.exe" "--gtest_filter=Tilt.T4_NoRearmWhileTilted" "--gtest_also_run_disabled_tests"
Directory: C:/Users/Rakete/Documents/Drohnenversuchsstand/DROMA/Simulation/scripts/sitl/build_cg
"Tilt.T4_NoRearmWhileTilted" start time: Jul 20 12:12 Mitteleuropäische Sommerzeit
Output:
----------------------------------------------------------
Running main() from C:\Users\Rakete\Documents\Drohnenversuchsstand\DROMA\Simulation\scripts\sitl\build_cg\_deps\googletest-src\googletest\src\gtest_main.cc
Note: Google Test filter = Tilt.T4_NoRearmWhileTilted
[==========] Running 1 test from 1 test suite.
[----------] Global test environment set-up.
[----------] 1 test from Tilt
[ RUN      ] Tilt.T4_NoRearmWhileTilted
[       OK ] Tilt.T4_NoRearmWhileTilted (0 ms)
[----------] 1 test from Tilt (0 ms total)

[----------] Global test environment tear-down
[==========] 1 test from 1 test suite ran. (0 ms total)
[  PASSED  ] 1 test.
<end of output>
Test time =   0.01 sec
----------------------------------------------------------
Test Passed.
"Tilt.T4_NoRearmWhileTilted" end time: Jul 20 12:12 Mitteleuropäische Sommerzeit
"Tilt.T4_NoRearmWhileTilted" time elapsed: 00:00:00
----------------------------------------------------------

19/39 Testing: Button.BT1_EdgeKills
19/39 Test: Button.BT1_EdgeKills
Command: "C:/Users/Rakete/Documents/Drohnenversuchsstand/DROMA/Simulation/scripts/sitl/build_cg/Release/test_safety.exe" "--gtest_filter=Button.BT1_EdgeKills" "--gtest_also_run_disabled_tests"
Directory: C:/Users/Rakete/Documents/Drohnenversuchsstand/DROMA/Simulation/scripts/sitl/build_cg
"Button.BT1_EdgeKills" start time: Jul 20 12:12 Mitteleuropäische Sommerzeit
Output:
----------------------------------------------------------
Running main() from C:\Users\Rakete\Documents\Drohnenversuchsstand\DROMA\Simulation\scripts\sitl\build_cg\_deps\googletest-src\googletest\src\gtest_main.cc
Note: Google Test filter = Button.BT1_EdgeKills
[==========] Running 1 test from 1 test suite.
[----------] Global test environment set-up.
[----------] 1 test from Button
[ RUN      ] Button.BT1_EdgeKills
[       OK ] Button.BT1_EdgeKills (0 ms)
[----------] 1 test from Button (0 ms total)

[----------] Global test environment tear-down
[==========] 1 test from 1 test suite ran. (0 ms total)
[  PASSED  ] 1 test.
<end of output>
Test time =   0.01 sec
----------------------------------------------------------
Test Passed.
"Button.BT1_EdgeKills" end time: Jul 20 12:12 Mitteleuropäische Sommerzeit
"Button.BT1_EdgeKills" time elapsed: 00:00:00
----------------------------------------------------------

20/39 Testing: Button.BT2_HeldBlocksRearm
20/39 Test: Button.BT2_HeldBlocksRearm
Command: "C:/Users/Rakete/Documents/Drohnenversuchsstand/DROMA/Simulation/scripts/sitl/build_cg/Release/test_safety.exe" "--gtest_filter=Button.BT2_HeldBlocksRearm" "--gtest_also_run_disabled_tests"
Directory: C:/Users/Rakete/Documents/Drohnenversuchsstand/DROMA/Simulation/scripts/sitl/build_cg
"Button.BT2_HeldBlocksRearm" start time: Jul 20 12:12 Mitteleuropäische Sommerzeit
Output:
----------------------------------------------------------
Running main() from C:\Users\Rakete\Documents\Drohnenversuchsstand\DROMA\Simulation\scripts\sitl\build_cg\_deps\googletest-src\googletest\src\gtest_main.cc
Note: Google Test filter = Button.BT2_HeldBlocksRearm
[==========] Running 1 test from 1 test suite.
[----------] Global test environment set-up.
[----------] 1 test from Button
[ RUN      ] Button.BT2_HeldBlocksRearm
[       OK ] Button.BT2_HeldBlocksRearm (0 ms)
[----------] 1 test from Button (0 ms total)

[----------] Global test environment tear-down
[==========] 1 test from 1 test suite ran. (0 ms total)
[  PASSED  ] 1 test.
<end of output>
Test time =   0.01 sec
----------------------------------------------------------
Test Passed.
"Button.BT2_HeldBlocksRearm" end time: Jul 20 12:12 Mitteleuropäische Sommerzeit
"Button.BT2_HeldBlocksRearm" time elapsed: 00:00:00
----------------------------------------------------------

21/39 Testing: Button.BT3_ButtonDoesNotRearmOverspeed
21/39 Test: Button.BT3_ButtonDoesNotRearmOverspeed
Command: "C:/Users/Rakete/Documents/Drohnenversuchsstand/DROMA/Simulation/scripts/sitl/build_cg/Release/test_safety.exe" "--gtest_filter=Button.BT3_ButtonDoesNotRearmOverspeed" "--gtest_also_run_disabled_tests"
Directory: C:/Users/Rakete/Documents/Drohnenversuchsstand/DROMA/Simulation/scripts/sitl/build_cg
"Button.BT3_ButtonDoesNotRearmOverspeed" start time: Jul 20 12:12 Mitteleuropäische Sommerzeit
Output:
----------------------------------------------------------
Running main() from C:\Users\Rakete\Documents\Drohnenversuchsstand\DROMA\Simulation\scripts\sitl\build_cg\_deps\googletest-src\googletest\src\gtest_main.cc
Note: Google Test filter = Button.BT3_ButtonDoesNotRearmOverspeed
[==========] Running 1 test from 1 test suite.
[----------] Global test environment set-up.
[----------] 1 test from Button
[ RUN      ] Button.BT3_ButtonDoesNotRearmOverspeed
[       OK ] Button.BT3_ButtonDoesNotRearmOverspeed (0 ms)
[----------] 1 test from Button (0 ms total)

[----------] Global test environment tear-down
[==========] 1 test from 1 test suite ran. (0 ms total)
[  PASSED  ] 1 test.
<end of output>
Test time =   0.01 sec
----------------------------------------------------------
Test Passed.
"Button.BT3_ButtonDoesNotRearmOverspeed" end time: Jul 20 12:12 Mitteleuropäische Sommerzeit
"Button.BT3_ButtonDoesNotRearmOverspeed" time elapsed: 00:00:00
----------------------------------------------------------

22/39 Testing: Battery.B1_ColdStart_NoFalseTrip
22/39 Test: Battery.B1_ColdStart_NoFalseTrip
Command: "C:/Users/Rakete/Documents/Drohnenversuchsstand/DROMA/Simulation/scripts/sitl/build_cg/Release/test_safety.exe" "--gtest_filter=Battery.B1_ColdStart_NoFalseTrip" "--gtest_also_run_disabled_tests"
Directory: C:/Users/Rakete/Documents/Drohnenversuchsstand/DROMA/Simulation/scripts/sitl/build_cg
"Battery.B1_ColdStart_NoFalseTrip" start time: Jul 20 12:12 Mitteleuropäische Sommerzeit
Output:
----------------------------------------------------------
Running main() from C:\Users\Rakete\Documents\Drohnenversuchsstand\DROMA\Simulation\scripts\sitl\build_cg\_deps\googletest-src\googletest\src\gtest_main.cc
Note: Google Test filter = Battery.B1_ColdStart_NoFalseTrip
[==========] Running 1 test from 1 test suite.
[----------] Global test environment set-up.
[----------] 1 test from Battery
[ RUN      ] Battery.B1_ColdStart_NoFalseTrip
[       OK ] Battery.B1_ColdStart_NoFalseTrip (0 ms)
[----------] 1 test from Battery (0 ms total)

[----------] Global test environment tear-down
[==========] 1 test from 1 test suite ran. (0 ms total)
[  PASSED  ] 1 test.
<end of output>
Test time =   0.01 sec
----------------------------------------------------------
Test Passed.
"Battery.B1_ColdStart_NoFalseTrip" end time: Jul 20 12:12 Mitteleuropäische Sommerzeit
"Battery.B1_ColdStart_NoFalseTrip" time elapsed: 00:00:00
----------------------------------------------------------

23/39 Testing: Battery.B2_Ramp_Escalation
23/39 Test: Battery.B2_Ramp_Escalation
Command: "C:/Users/Rakete/Documents/Drohnenversuchsstand/DROMA/Simulation/scripts/sitl/build_cg/Release/test_safety.exe" "--gtest_filter=Battery.B2_Ramp_Escalation" "--gtest_also_run_disabled_tests"
Directory: C:/Users/Rakete/Documents/Drohnenversuchsstand/DROMA/Simulation/scripts/sitl/build_cg
"Battery.B2_Ramp_Escalation" start time: Jul 20 12:12 Mitteleuropäische Sommerzeit
Output:
----------------------------------------------------------
Running main() from C:\Users\Rakete\Documents\Drohnenversuchsstand\DROMA\Simulation\scripts\sitl\build_cg\_deps\googletest-src\googletest\src\gtest_main.cc
Note: Google Test filter = Battery.B2_Ramp_Escalation
[==========] Running 1 test from 1 test suite.
[----------] Global test environment set-up.
[----------] 1 test from Battery
[ RUN      ] Battery.B2_Ramp_Escalation
[       OK ] Battery.B2_Ramp_Escalation (0 ms)
[----------] 1 test from Battery (0 ms total)

[----------] Global test environment tear-down
[==========] 1 test from 1 test suite ran. (0 ms total)
[  PASSED  ] 1 test.
<end of output>
Test time =   0.01 sec
----------------------------------------------------------
Test Passed.
"Battery.B2_Ramp_Escalation" end time: Jul 20 12:12 Mitteleuropäische Sommerzeit
"Battery.B2_Ramp_Escalation" time elapsed: 00:00:00
----------------------------------------------------------

24/39 Testing: Battery.B3_Hysteresis_NoChatter
24/39 Test: Battery.B3_Hysteresis_NoChatter
Command: "C:/Users/Rakete/Documents/Drohnenversuchsstand/DROMA/Simulation/scripts/sitl/build_cg/Release/test_safety.exe" "--gtest_filter=Battery.B3_Hysteresis_NoChatter" "--gtest_also_run_disabled_tests"
Directory: C:/Users/Rakete/Documents/Drohnenversuchsstand/DROMA/Simulation/scripts/sitl/build_cg
"Battery.B3_Hysteresis_NoChatter" start time: Jul 20 12:12 Mitteleuropäische Sommerzeit
Output:
----------------------------------------------------------
Running main() from C:\Users\Rakete\Documents\Drohnenversuchsstand\DROMA\Simulation\scripts\sitl\build_cg\_deps\googletest-src\googletest\src\gtest_main.cc
Note: Google Test filter = Battery.B3_Hysteresis_NoChatter
[==========] Running 1 test from 1 test suite.
[----------] Global test environment set-up.
[----------] 1 test from Battery
[ RUN      ] Battery.B3_Hysteresis_NoChatter
[       OK ] Battery.B3_Hysteresis_NoChatter (0 ms)
[----------] 1 test from Battery (0 ms total)

[----------] Global test environment tear-down
[==========] 1 test from 1 test suite ran. (0 ms total)
[  PASSED  ] 1 test.
<end of output>
Test time =   0.01 sec
----------------------------------------------------------
Test Passed.
"Battery.B3_Hysteresis_NoChatter" end time: Jul 20 12:12 Mitteleuropäische Sommerzeit
"Battery.B3_Hysteresis_NoChatter" time elapsed: 00:00:00
----------------------------------------------------------

25/39 Testing: Battery.B4_FloorLatch_Sticky
25/39 Test: Battery.B4_FloorLatch_Sticky
Command: "C:/Users/Rakete/Documents/Drohnenversuchsstand/DROMA/Simulation/scripts/sitl/build_cg/Release/test_safety.exe" "--gtest_filter=Battery.B4_FloorLatch_Sticky" "--gtest_also_run_disabled_tests"
Directory: C:/Users/Rakete/Documents/Drohnenversuchsstand/DROMA/Simulation/scripts/sitl/build_cg
"Battery.B4_FloorLatch_Sticky" start time: Jul 20 12:12 Mitteleuropäische Sommerzeit
Output:
----------------------------------------------------------
Running main() from C:\Users\Rakete\Documents\Drohnenversuchsstand\DROMA\Simulation\scripts\sitl\build_cg\_deps\googletest-src\googletest\src\gtest_main.cc
Note: Google Test filter = Battery.B4_FloorLatch_Sticky
[==========] Running 1 test from 1 test suite.
[----------] Global test environment set-up.
[----------] 1 test from Battery
[ RUN      ] Battery.B4_FloorLatch_Sticky
[       OK ] Battery.B4_FloorLatch_Sticky (0 ms)
[----------] 1 test from Battery (0 ms total)

[----------] Global test environment tear-down
[==========] 1 test from 1 test suite ran. (0 ms total)
[  PASSED  ] 1 test.
<end of output>
Test time =   0.01 sec
----------------------------------------------------------
Test Passed.
"Battery.B4_FloorLatch_Sticky" end time: Jul 20 12:12 Mitteleuropäische Sommerzeit
"Battery.B4_FloorLatch_Sticky" time elapsed: 00:00:00
----------------------------------------------------------

26/39 Testing: Battery.B5_EMA_FiltersShortSag
26/39 Test: Battery.B5_EMA_FiltersShortSag
Command: "C:/Users/Rakete/Documents/Drohnenversuchsstand/DROMA/Simulation/scripts/sitl/build_cg/Release/test_safety.exe" "--gtest_filter=Battery.B5_EMA_FiltersShortSag" "--gtest_also_run_disabled_tests"
Directory: C:/Users/Rakete/Documents/Drohnenversuchsstand/DROMA/Simulation/scripts/sitl/build_cg
"Battery.B5_EMA_FiltersShortSag" start time: Jul 20 12:12 Mitteleuropäische Sommerzeit
Output:
----------------------------------------------------------
Running main() from C:\Users\Rakete\Documents\Drohnenversuchsstand\DROMA\Simulation\scripts\sitl\build_cg\_deps\googletest-src\googletest\src\gtest_main.cc
Note: Google Test filter = Battery.B5_EMA_FiltersShortSag
[==========] Running 1 test from 1 test suite.
[----------] Global test environment set-up.
[----------] 1 test from Battery
[ RUN      ] Battery.B5_EMA_FiltersShortSag
[       OK ] Battery.B5_EMA_FiltersShortSag (0 ms)
[----------] 1 test from Battery (0 ms total)

[----------] Global test environment tear-down
[==========] 1 test from 1 test suite ran. (0 ms total)
[  PASSED  ] 1 test.
<end of output>
Test time =   0.01 sec
----------------------------------------------------------
Test Passed.
"Battery.B5_EMA_FiltersShortSag" end time: Jul 20 12:12 Mitteleuropäische Sommerzeit
"Battery.B5_EMA_FiltersShortSag" time elapsed: 00:00:00
----------------------------------------------------------

27/39 Testing: Battery.B6_CountRange
27/39 Test: Battery.B6_CountRange
Command: "C:/Users/Rakete/Documents/Drohnenversuchsstand/DROMA/Simulation/scripts/sitl/build_cg/Release/test_safety.exe" "--gtest_filter=Battery.B6_CountRange" "--gtest_also_run_disabled_tests"
Directory: C:/Users/Rakete/Documents/Drohnenversuchsstand/DROMA/Simulation/scripts/sitl/build_cg
"Battery.B6_CountRange" start time: Jul 20 12:12 Mitteleuropäische Sommerzeit
Output:
----------------------------------------------------------
Running main() from C:\Users\Rakete\Documents\Drohnenversuchsstand\DROMA\Simulation\scripts\sitl\build_cg\_deps\googletest-src\googletest\src\gtest_main.cc
Note: Google Test filter = Battery.B6_CountRange
[==========] Running 1 test from 1 test suite.
[----------] Global test environment set-up.
[----------] 1 test from Battery
[ RUN      ] Battery.B6_CountRange
[       OK ] Battery.B6_CountRange (0 ms)
[----------] 1 test from Battery (0 ms total)

[----------] Global test environment tear-down
[==========] 1 test from 1 test suite ran. (0 ms total)
[  PASSED  ] 1 test.
<end of output>
Test time =   0.01 sec
----------------------------------------------------------
Test Passed.
"Battery.B6_CountRange" end time: Jul 20 12:12 Mitteleuropäische Sommerzeit
"Battery.B6_CountRange" time elapsed: 00:00:00
----------------------------------------------------------

28/39 Testing: LinkCodec.WireBitExact
28/39 Test: LinkCodec.WireBitExact
Command: "C:/Users/Rakete/Documents/Drohnenversuchsstand/DROMA/Simulation/scripts/sitl/build_cg/Release/test_link_codec.exe" "--gtest_filter=LinkCodec.WireBitExact" "--gtest_also_run_disabled_tests"
Directory: C:/Users/Rakete/Documents/Drohnenversuchsstand/DROMA/Simulation/scripts/sitl/build_cg
"LinkCodec.WireBitExact" start time: Jul 20 12:12 Mitteleuropäische Sommerzeit
Output:
----------------------------------------------------------
Running main() from C:\Users\Rakete\Documents\Drohnenversuchsstand\DROMA\Simulation\scripts\sitl\build_cg\_deps\googletest-src\googletest\src\gtest_main.cc
Note: Google Test filter = LinkCodec.WireBitExact
[==========] Running 1 test from 1 test suite.
[----------] Global test environment set-up.
[----------] 1 test from LinkCodec
[ RUN      ] LinkCodec.WireBitExact
[       OK ] LinkCodec.WireBitExact (2 ms)
[----------] 1 test from LinkCodec (2 ms total)

[----------] Global test environment tear-down
[==========] 1 test from 1 test suite ran. (2 ms total)
[  PASSED  ] 1 test.
<end of output>
Test time =   0.01 sec
----------------------------------------------------------
Test Passed.
"LinkCodec.WireBitExact" end time: Jul 20 12:12 Mitteleuropäische Sommerzeit
"LinkCodec.WireBitExact" time elapsed: 00:00:00
----------------------------------------------------------

29/39 Testing: LinkCodec.DecodeMatchesRx
29/39 Test: LinkCodec.DecodeMatchesRx
Command: "C:/Users/Rakete/Documents/Drohnenversuchsstand/DROMA/Simulation/scripts/sitl/build_cg/Release/test_link_codec.exe" "--gtest_filter=LinkCodec.DecodeMatchesRx" "--gtest_also_run_disabled_tests"
Directory: C:/Users/Rakete/Documents/Drohnenversuchsstand/DROMA/Simulation/scripts/sitl/build_cg
"LinkCodec.DecodeMatchesRx" start time: Jul 20 12:12 Mitteleuropäische Sommerzeit
Output:
----------------------------------------------------------
Running main() from C:\Users\Rakete\Documents\Drohnenversuchsstand\DROMA\Simulation\scripts\sitl\build_cg\_deps\googletest-src\googletest\src\gtest_main.cc
Note: Google Test filter = LinkCodec.DecodeMatchesRx
[==========] Running 1 test from 1 test suite.
[----------] Global test environment set-up.
[----------] 1 test from LinkCodec
[ RUN      ] LinkCodec.DecodeMatchesRx
[       OK ] LinkCodec.DecodeMatchesRx (3 ms)
[----------] 1 test from LinkCodec (3 ms total)

[----------] Global test environment tear-down
[==========] 1 test from 1 test suite ran. (3 ms total)
[  PASSED  ] 1 test.
<end of output>
Test time =   0.01 sec
----------------------------------------------------------
Test Passed.
"LinkCodec.DecodeMatchesRx" end time: Jul 20 12:12 Mitteleuropäische Sommerzeit
"LinkCodec.DecodeMatchesRx" time elapsed: 00:00:00
----------------------------------------------------------

30/39 Testing: LinkCodec.HeaderRoundTrip
30/39 Test: LinkCodec.HeaderRoundTrip
Command: "C:/Users/Rakete/Documents/Drohnenversuchsstand/DROMA/Simulation/scripts/sitl/build_cg/Release/test_link_codec.exe" "--gtest_filter=LinkCodec.HeaderRoundTrip" "--gtest_also_run_disabled_tests"
Directory: C:/Users/Rakete/Documents/Drohnenversuchsstand/DROMA/Simulation/scripts/sitl/build_cg
"LinkCodec.HeaderRoundTrip" start time: Jul 20 12:12 Mitteleuropäische Sommerzeit
Output:
----------------------------------------------------------
Running main() from C:\Users\Rakete\Documents\Drohnenversuchsstand\DROMA\Simulation\scripts\sitl\build_cg\_deps\googletest-src\googletest\src\gtest_main.cc
Note: Google Test filter = LinkCodec.HeaderRoundTrip
[==========] Running 1 test from 1 test suite.
[----------] Global test environment set-up.
[----------] 1 test from LinkCodec
[ RUN      ] LinkCodec.HeaderRoundTrip
[       OK ] LinkCodec.HeaderRoundTrip (2 ms)
[----------] 1 test from LinkCodec (2 ms total)

[----------] Global test environment tear-down
[==========] 1 test from 1 test suite ran. (2 ms total)
[  PASSED  ] 1 test.
<end of output>
Test time =   0.01 sec
----------------------------------------------------------
Test Passed.
"LinkCodec.HeaderRoundTrip" end time: Jul 20 12:12 Mitteleuropäische Sommerzeit
"LinkCodec.HeaderRoundTrip" time elapsed: 00:00:00
----------------------------------------------------------

31/39 Testing: GcsFrame.ParseMatchesGolden
31/39 Test: GcsFrame.ParseMatchesGolden
Command: "C:/Users/Rakete/Documents/Drohnenversuchsstand/DROMA/Simulation/scripts/sitl/build_cg/Release/test_gcs_frame.exe" "--gtest_filter=GcsFrame.ParseMatchesGolden" "--gtest_also_run_disabled_tests"
Directory: C:/Users/Rakete/Documents/Drohnenversuchsstand/DROMA/Simulation/scripts/sitl/build_cg
"GcsFrame.ParseMatchesGolden" start time: Jul 20 12:12 Mitteleuropäische Sommerzeit
Output:
----------------------------------------------------------
Running main() from C:\Users\Rakete\Documents\Drohnenversuchsstand\DROMA\Simulation\scripts\sitl\build_cg\_deps\googletest-src\googletest\src\gtest_main.cc
Note: Google Test filter = GcsFrame.ParseMatchesGolden
[==========] Running 1 test from 1 test suite.
[----------] Global test environment set-up.
[----------] 1 test from GcsFrame
[ RUN      ] GcsFrame.ParseMatchesGolden
[       OK ] GcsFrame.ParseMatchesGolden (0 ms)
[----------] 1 test from GcsFrame (0 ms total)

[----------] Global test environment tear-down
[==========] 1 test from 1 test suite ran. (1 ms total)
[  PASSED  ] 1 test.
<end of output>
Test time =   0.01 sec
----------------------------------------------------------
Test Passed.
"GcsFrame.ParseMatchesGolden" end time: Jul 20 12:12 Mitteleuropäische Sommerzeit
"GcsFrame.ParseMatchesGolden" time elapsed: 00:00:00
----------------------------------------------------------

32/39 Testing: GcsFrame.RejectsCorruption
32/39 Test: GcsFrame.RejectsCorruption
Command: "C:/Users/Rakete/Documents/Drohnenversuchsstand/DROMA/Simulation/scripts/sitl/build_cg/Release/test_gcs_frame.exe" "--gtest_filter=GcsFrame.RejectsCorruption" "--gtest_also_run_disabled_tests"
Directory: C:/Users/Rakete/Documents/Drohnenversuchsstand/DROMA/Simulation/scripts/sitl/build_cg
"GcsFrame.RejectsCorruption" start time: Jul 20 12:12 Mitteleuropäische Sommerzeit
Output:
----------------------------------------------------------
Running main() from C:\Users\Rakete\Documents\Drohnenversuchsstand\DROMA\Simulation\scripts\sitl\build_cg\_deps\googletest-src\googletest\src\gtest_main.cc
Note: Google Test filter = GcsFrame.RejectsCorruption
[==========] Running 1 test from 1 test suite.
[----------] Global test environment set-up.
[----------] 1 test from GcsFrame
[ RUN      ] GcsFrame.RejectsCorruption
[       OK ] GcsFrame.RejectsCorruption (1 ms)
[----------] 1 test from GcsFrame (1 ms total)

[----------] Global test environment tear-down
[==========] 1 test from 1 test suite ran. (1 ms total)
[  PASSED  ] 1 test.
<end of output>
Test time =   0.01 sec
----------------------------------------------------------
Test Passed.
"GcsFrame.RejectsCorruption" end time: Jul 20 12:12 Mitteleuropäische Sommerzeit
"GcsFrame.RejectsCorruption" time elapsed: 00:00:00
----------------------------------------------------------

33/39 Testing: McuGolden.RotorCmdMatchesGolden
33/39 Test: McuGolden.RotorCmdMatchesGolden
Command: "C:/Users/Rakete/Documents/Drohnenversuchsstand/DROMA/Simulation/scripts/sitl/build_cg/Release/test_mcu_model.exe" "--gtest_filter=McuGolden.RotorCmdMatchesGolden" "--gtest_also_run_disabled_tests"
Directory: C:/Users/Rakete/Documents/Drohnenversuchsstand/DROMA/Simulation/scripts/sitl/build_cg
"McuGolden.RotorCmdMatchesGolden" start time: Jul 20 12:12 Mitteleuropäische Sommerzeit
Output:
----------------------------------------------------------
Running main() from C:\Users\Rakete\Documents\Drohnenversuchsstand\DROMA\Simulation\scripts\sitl\build_cg\_deps\googletest-src\googletest\src\gtest_main.cc
Note: Google Test filter = McuGolden.RotorCmdMatchesGolden
[==========] Running 1 test from 1 test suite.
[----------] Global test environment set-up.
[----------] 1 test from McuGolden
[ RUN      ] McuGolden.RotorCmdMatchesGolden
[       OK ] McuGolden.RotorCmdMatchesGolden (41 ms)
[----------] 1 test from McuGolden (41 ms total)

[----------] Global test environment tear-down
[==========] 1 test from 1 test suite ran. (41 ms total)
[  PASSED  ] 1 test.
<end of output>
Test time =   0.05 sec
----------------------------------------------------------
Test Passed.
"McuGolden.RotorCmdMatchesGolden" end time: Jul 20 12:12 Mitteleuropäische Sommerzeit
"McuGolden.RotorCmdMatchesGolden" time elapsed: 00:00:00
----------------------------------------------------------

34/39 Testing: McuGolden.DeterministicAcrossFreshInstances
34/39 Test: McuGolden.DeterministicAcrossFreshInstances
Command: "C:/Users/Rakete/Documents/Drohnenversuchsstand/DROMA/Simulation/scripts/sitl/build_cg/Release/test_mcu_model.exe" "--gtest_filter=McuGolden.DeterministicAcrossFreshInstances" "--gtest_also_run_disabled_tests"
Directory: C:/Users/Rakete/Documents/Drohnenversuchsstand/DROMA/Simulation/scripts/sitl/build_cg
"McuGolden.DeterministicAcrossFreshInstances" start time: Jul 20 12:12 Mitteleuropäische Sommerzeit
Output:
----------------------------------------------------------
Running main() from C:\Users\Rakete\Documents\Drohnenversuchsstand\DROMA\Simulation\scripts\sitl\build_cg\_deps\googletest-src\googletest\src\gtest_main.cc
Note: Google Test filter = McuGolden.DeterministicAcrossFreshInstances
[==========] Running 1 test from 1 test suite.
[----------] Global test environment set-up.
[----------] 1 test from McuGolden
[ RUN      ] McuGolden.DeterministicAcrossFreshInstances
[       OK ] McuGolden.DeterministicAcrossFreshInstances (46 ms)
[----------] 1 test from McuGolden (46 ms total)

[----------] Global test environment tear-down
[==========] 1 test from 1 test suite ran. (46 ms total)
[  PASSED  ] 1 test.
<end of output>
Test time =   0.06 sec
----------------------------------------------------------
Test Passed.
"McuGolden.DeterministicAcrossFreshInstances" end time: Jul 20 12:12 Mitteleuropäische Sommerzeit
"McuGolden.DeterministicAcrossFreshInstances" time elapsed: 00:00:00
----------------------------------------------------------

35/39 Testing: McuFailsafe.Estop2KillsThrottleAndRotor
35/39 Test: McuFailsafe.Estop2KillsThrottleAndRotor
Command: "C:/Users/Rakete/Documents/Drohnenversuchsstand/DROMA/Simulation/scripts/sitl/build_cg/Release/test_mcu_model.exe" "--gtest_filter=McuFailsafe.Estop2KillsThrottleAndRotor" "--gtest_also_run_disabled_tests"
Directory: C:/Users/Rakete/Documents/Drohnenversuchsstand/DROMA/Simulation/scripts/sitl/build_cg
"McuFailsafe.Estop2KillsThrottleAndRotor" start time: Jul 20 12:12 Mitteleuropäische Sommerzeit
Output:
----------------------------------------------------------
Running main() from C:\Users\Rakete\Documents\Drohnenversuchsstand\DROMA\Simulation\scripts\sitl\build_cg\_deps\googletest-src\googletest\src\gtest_main.cc
Note: Google Test filter = McuFailsafe.Estop2KillsThrottleAndRotor
[==========] Running 1 test from 1 test suite.
[----------] Global test environment set-up.
[----------] 1 test from McuFailsafe
[ RUN      ] McuFailsafe.Estop2KillsThrottleAndRotor
[       OK ] McuFailsafe.Estop2KillsThrottleAndRotor (0 ms)
[----------] 1 test from McuFailsafe (0 ms total)

[----------] Global test environment tear-down
[==========] 1 test from 1 test suite ran. (0 ms total)
[  PASSED  ] 1 test.
<end of output>
Test time =   0.01 sec
----------------------------------------------------------
Test Passed.
"McuFailsafe.Estop2KillsThrottleAndRotor" end time: Jul 20 12:12 Mitteleuropäische Sommerzeit
"McuFailsafe.Estop2KillsThrottleAndRotor" time elapsed: 00:00:00
----------------------------------------------------------

36/39 Testing: McuOverspeed.KillHoldsAndReArmsOnBusAckEdge
36/39 Test: McuOverspeed.KillHoldsAndReArmsOnBusAckEdge
Command: "C:/Users/Rakete/Documents/Drohnenversuchsstand/DROMA/Simulation/scripts/sitl/build_cg/Release/test_mcu_model.exe" "--gtest_filter=McuOverspeed.KillHoldsAndReArmsOnBusAckEdge" "--gtest_also_run_disabled_tests"
Directory: C:/Users/Rakete/Documents/Drohnenversuchsstand/DROMA/Simulation/scripts/sitl/build_cg
"McuOverspeed.KillHoldsAndReArmsOnBusAckEdge" start time: Jul 20 12:12 Mitteleuropäische Sommerzeit
Output:
----------------------------------------------------------
Running main() from C:\Users\Rakete\Documents\Drohnenversuchsstand\DROMA\Simulation\scripts\sitl\build_cg\_deps\googletest-src\googletest\src\gtest_main.cc
Note: Google Test filter = McuOverspeed.KillHoldsAndReArmsOnBusAckEdge
[==========] Running 1 test from 1 test suite.
[----------] Global test environment set-up.
[----------] 1 test from McuOverspeed
[ RUN      ] McuOverspeed.KillHoldsAndReArmsOnBusAckEdge
[       OK ] McuOverspeed.KillHoldsAndReArmsOnBusAckEdge (0 ms)
[----------] 1 test from McuOverspeed (0 ms total)

[----------] Global test environment tear-down
[==========] 1 test from 1 test suite ran. (0 ms total)
[  PASSED  ] 1 test.
<end of output>
Test time =   0.01 sec
----------------------------------------------------------
Test Passed.
"McuOverspeed.KillHoldsAndReArmsOnBusAckEdge" end time: Jul 20 12:12 Mitteleuropäische Sommerzeit
"McuOverspeed.KillHoldsAndReArmsOnBusAckEdge" time elapsed: 00:00:00
----------------------------------------------------------

37/39 Testing: McuButton.EdgeKillsHeldBlocksRearmBusAckClears
37/39 Test: McuButton.EdgeKillsHeldBlocksRearmBusAckClears
Command: "C:/Users/Rakete/Documents/Drohnenversuchsstand/DROMA/Simulation/scripts/sitl/build_cg/Release/test_mcu_model.exe" "--gtest_filter=McuButton.EdgeKillsHeldBlocksRearmBusAckClears" "--gtest_also_run_disabled_tests"
Directory: C:/Users/Rakete/Documents/Drohnenversuchsstand/DROMA/Simulation/scripts/sitl/build_cg
"McuButton.EdgeKillsHeldBlocksRearmBusAckClears" start time: Jul 20 12:12 Mitteleuropäische Sommerzeit
Output:
----------------------------------------------------------
Running main() from C:\Users\Rakete\Documents\Drohnenversuchsstand\DROMA\Simulation\scripts\sitl\build_cg\_deps\googletest-src\googletest\src\gtest_main.cc
Note: Google Test filter = McuButton.EdgeKillsHeldBlocksRearmBusAckClears
[==========] Running 1 test from 1 test suite.
[----------] Global test environment set-up.
[----------] 1 test from McuButton
[ RUN      ] McuButton.EdgeKillsHeldBlocksRearmBusAckClears
[       OK ] McuButton.EdgeKillsHeldBlocksRearmBusAckClears (0 ms)
[----------] 1 test from McuButton (0 ms total)

[----------] Global test environment tear-down
[==========] 1 test from 1 test suite ran. (0 ms total)
[  PASSED  ] 1 test.
<end of output>
Test time =   0.01 sec
----------------------------------------------------------
Test Passed.
"McuButton.EdgeKillsHeldBlocksRearmBusAckClears" end time: Jul 20 12:12 Mitteleuropäische Sommerzeit
"McuButton.EdgeKillsHeldBlocksRearmBusAckClears" time elapsed: 00:00:00
----------------------------------------------------------

38/39 Testing: McuTilt.SustainedTiltKills
38/39 Test: McuTilt.SustainedTiltKills
Command: "C:/Users/Rakete/Documents/Drohnenversuchsstand/DROMA/Simulation/scripts/sitl/build_cg/Release/test_mcu_model.exe" "--gtest_filter=McuTilt.SustainedTiltKills" "--gtest_also_run_disabled_tests"
Directory: C:/Users/Rakete/Documents/Drohnenversuchsstand/DROMA/Simulation/scripts/sitl/build_cg
"McuTilt.SustainedTiltKills" start time: Jul 20 12:12 Mitteleuropäische Sommerzeit
Output:
----------------------------------------------------------
Running main() from C:\Users\Rakete\Documents\Drohnenversuchsstand\DROMA\Simulation\scripts\sitl\build_cg\_deps\googletest-src\googletest\src\gtest_main.cc
Note: Google Test filter = McuTilt.SustainedTiltKills
[==========] Running 1 test from 1 test suite.
[----------] Global test environment set-up.
[----------] 1 test from McuTilt
[ RUN      ] McuTilt.SustainedTiltKills
[       OK ] McuTilt.SustainedTiltKills (0 ms)
[----------] 1 test from McuTilt (0 ms total)

[----------] Global test environment tear-down
[==========] 1 test from 1 test suite ran. (0 ms total)
[  PASSED  ] 1 test.
<end of output>
Test time =   0.01 sec
----------------------------------------------------------
Test Passed.
"McuTilt.SustainedTiltKills" end time: Jul 20 12:12 Mitteleuropäische Sommerzeit
"McuTilt.SustainedTiltKills" time elapsed: 00:00:00
----------------------------------------------------------

39/39 Testing: McuBattery.RampEscalatesLed
39/39 Test: McuBattery.RampEscalatesLed
Command: "C:/Users/Rakete/Documents/Drohnenversuchsstand/DROMA/Simulation/scripts/sitl/build_cg/Release/test_mcu_model.exe" "--gtest_filter=McuBattery.RampEscalatesLed" "--gtest_also_run_disabled_tests"
Directory: C:/Users/Rakete/Documents/Drohnenversuchsstand/DROMA/Simulation/scripts/sitl/build_cg
"McuBattery.RampEscalatesLed" start time: Jul 20 12:12 Mitteleuropäische Sommerzeit
Output:
----------------------------------------------------------
Running main() from C:\Users\Rakete\Documents\Drohnenversuchsstand\DROMA\Simulation\scripts\sitl\build_cg\_deps\googletest-src\googletest\src\gtest_main.cc
Note: Google Test filter = McuBattery.RampEscalatesLed
[==========] Running 1 test from 1 test suite.
[----------] Global test environment set-up.
[----------] 1 test from McuBattery
[ RUN      ] McuBattery.RampEscalatesLed
[       OK ] McuBattery.RampEscalatesLed (7 ms)
[----------] 1 test from McuBattery (7 ms total)

[----------] Global test environment tear-down
[==========] 1 test from 1 test suite ran. (7 ms total)
[  PASSED  ] 1 test.
<end of output>
Test time =   0.02 sec
----------------------------------------------------------
Test Passed.
"McuBattery.RampEscalatesLed" end time: Jul 20 12:12 Mitteleuropäische Sommerzeit
"McuBattery.RampEscalatesLed" time elapsed: 00:00:00
----------------------------------------------------------

End testing: Jul 20 12:12 Mitteleuropäische Sommerzeit
